<?xml version="1.0" encoding="UTF-8"?>
<testsuite xmlns:xsi="http://www.w3.org/2001/XMLSchema-instance" xsi:noNamespaceSchemaLocation="https://maven.apache.org/surefire/maven-surefire-plugin/xsd/surefire-test-report.xsd" name="com.jsonballadares.MathUtilsTest" time="0.093" tests="9" errors="0" skipped="1" failures="0">
  <properties>
[...]
</properties>
  <testcase name="testAdd" classname="com.jsonballadares.MathUtilsTest" time="0.02"/>
  <testcase name="testComputeCircleArea{RepetitionInfo}[1]" classname="com.jsonballadares.MathUtilsTest" time="0.01"/>
  <testcase name="testComputeCircleArea{RepetitionInfo}[2]" classname="com.jsonballadares.MathUtilsTest" time="0.002"/>
  <testcase name="testComputeCircleArea{RepetitionInfo}[3]" classname="com.jsonballadares.MathUtilsTest" time="0.002"/>
  <testcase name="testDisabled" classname="com.jsonballadares.MathUtilsTest" time="0">
    <skipped message="void com.jsonballadares.MathUtilsTest.testDisabled() is @Disabled"/>
  </testcase>
  <testcase name="testDivide" classname="com.jsonballadares.MathUtilsTest" time="0.003"/>
  <testcase name="testMultiply" classname="com.jsonballadares.MathUtilsTest" time="0.005"/>
  <testcase name="testAddPositive" classname="com.jsonballadares.MathUtilsTest$AddTest" time="0.001"/>
  <testcase name="testAddNegative" classname="com.jsonballadares.MathUtilsTest$AddTest" time="0.002"/>
</testsuite>